614284	23	419822CDABFFFF0017000A020017000100DD00FF0100000000000000000000000000000000000000009E49	[]
643073	9	41983CCDABFFFF0009000A020009000100DD00FF010000000000000000000000000000000000000000D4FF	[5,10,18]
1061103	5	419868CDABFFFF0005000A020005000100DD00FF0100000000000000000000000000000000000000001102	[9,10]
1287317	19	41984ECDABFFFF0013000A020013000100DD00FF010000000000000000000000000000000000000000583B	[12,15,18,20,23,24,25]
1351656	14	4198C5CDABFFFF000E000A02000E000100DD00FF01000000000000000000000000000000000000000003A5	[8,13,19]
1355122	24	4198D7CDABFFFF0018000A020018000100DD00FF0100000000000000000000000000000000000000001E24	[15,18,20,25]
1555895	10	4198F1CDABFFFF000A000A02000A000100DD00FF0100000000000000000000000000000000000000008134	[4,5,14,15]
1781973	20	419803CDABFFFF0014000A020014000100DD00FF010000000000000000000000000000000000000000BF8C	[15,19,24]
1858048	15	41987ACDABFFFF000F000A02000F000100DD00FF0100000000000000000000000000000000000000002E5E	[9,10,14,20]
2242807	11	4198E7CDABFFFF000B000A02000B000100DD00FF0100000000000000000000000000000000000000002D82	[6,12,17]
2510786	25	41988CCDABFFFF0019000A020019000100DD00FF0100000000000000000000000000000000000000001596	[19,20]
2662809	6	41981DCDABFFFF0006000A020006000100DD00FF0100000000000000000000000000000000000000008F40	[1,12]
3204539	7	4198D2CDABFFFF0007000A020007000100DD00FF010000000000000000000000000000000000000000ED0A	[1,2,3,6,8,11]
3207088	2	419849CDABFFFF0002000A020002000100DD00FF010000000000000000000000000000000000000000E6EE	[1,7,12]
3224766	16	41982FCDABFFFF0010000A020010000100DD00FF010000000000000000000000000000000000000000CBD4	[11,17,22]
3301208	17	4198E4CDABFFFF0011000A020011000100DD00FF01000000000000000000000000000000000000000000BD	[12,21]
3547237	21	4198B8CDABFFFF0015000A020015000100DD00FF0100000000000000000000000000000000000000003B54	[16,17,22]
3935585	3	4198FECDABFFFF0003000A020003000100DD00FF0100000000000000000000000000000000000000009952	[2,4,7,8,9]
3955753	12	41985BCDABFFFF000C000A02000C000100DD00FF0100000000000000000000000000000000000000000F9B	[6,7,8,11,13,16,18]
4193243	22	4198A2CDABFFFF0016000A020016000100DD00FF0100000000000000000000000000000000000000008792	[17,18,23]
4317917	18	419899CDABFFFF0012000A020012000100DD00FF010000000000000000000000000000000000000000CCB8	[13,17,23]
4349680	13	419810CDABFFFF000D000A02000D000100DD00FF010000000000000000000000000000000000000000A0A7	[8,12,17,18]
4457635	8	419887CDABFFFF0008000A020008000100DD00FF0100000000000000000000000000000000000000005027	[2,7,9,12,14]
4654604	5	419869CDABFFFF0005000A020005000100DD00FF010000000000000000000000000000000000000000FF48	[4,9,10]
4906094	11	4198E8CDABFFFF000B000A02000B000100DD00FF010000000000000000000000000000000000000000E439	[6,12,16,17]
5115099	4	4198B3CDABFFFF0004000A020004000100DD00FF0100000000000000000000000000000000000000007EE5	[3,8,9,10]
5457775	23	419823CDABFFFF0017000A020017000100DD00FF0100000000000000000000000000000000000000007003	[]
5823623	24	4198D8CDABFFFF0018000A020018000100DD00FF010000000000000000000000000000000000000000D79F	[18,19,20,25]
5881301	6	41981ECDABFFFF0006000A020006000100DD00FF010000000000000000000000000000000000000000BD9F	[1,2,7,11,12]
6047905	7	4198D3CDABFFFF0007000A020007000100DD00FF0100000000000000000000000000000000000000000340	[6,8,11,13]
6604271	25	41988DCDABFFFF0019000A020019000100DD00FF010000000000000000000000000000000000000000FBDC	[20]
6736572	9	41983DCDABFFFF0009000A020009000100DD00FF0100000000000000000000000000000000000000003AB5	[3,4,5,8,10,13,14,15]
6926130	8	419888CDABFFFF0008000A020008000100DD00FF010000000000000000000000000000000000000000999C	[2,9,12,14]
7274398	10	4198F2CDABFFFF000A000A02000A000100DD00FF010000000000000000000000000000000000000000B3EB	[4,15]
7803153	1	41988ACDABFFFF0001000A020001000100DD00000000000000000000000000000000000000000000001796	[2,7]
8508330	7	4198D4CDABFFFF0007000A020007000100DD0080000000000000000000000000000000000000000000ADE5	[1,2,3,6,8,11,12,13]
8776803	2	41984ACDABFFFF0002000A020002000100DD0080000000000000000000000000000000000000000000E168	[1,3,6,7]
8880658	13	419811CDABFFFF000D000A02000D000100DD0000010000000000000000000000000000000000000000A198	[7,8,12,14,17,18,19]
8906094	11	4198E9CDABFFFF000B000A02000B000100DD0000010000000000000000000000000000000000000000E506	[6,12,16,17]
8927693	19	41984FCDABFFFF0013000A020013000100DD0080010000000000000000000000000000000000000000EF1F	[18,20,23,24]
8939870	12	41985CCDABFFFF000C000A02000C000100DD00000100000000000000000000000000000000000000007B12	[11,13]
8982227	18	41989ACDABFFFF0012000A020012000100DD0080010000000000000000000000000000000000000000A709	[12,13,14,17,19,22,23,24]
9035314	17	4198E5CDABFFFF0011000A020011000100DD0080010000000000000000000000000000000000000000B799	[11,12]
9153197	8	419889CDABFFFF0008000A020008000100DD000001000000000000000000000000000000000000000098A3	[2,7,9,12]
9203484	14	4198C6CDABFFFF000E000A02000E000100DD00800100000000000000000000000000000000000000006814	[9,13,15,18,19]
9264620	6	41981FCDABFFFF0006000A020006000100DD0000010000000000000000000000000000000000000000BCA0	[1,2,7,12]
9426996	3	4198FFCDABFFFF0003000A020003000100DD0000010000000000000000000000000000000000000000986D	[8,9]
9701528	15	41987BCDABFFFF000F000A02000F000100DD00FF010000000000000000000000000000000000000000C014	[10,14,20]
9743878	9	41983ECDABFFFF0009000A020009000100DD00800100000000000000000000000000000000000000005104	[3,4,5,8,10,15]
11498470	16	419830CDABFFFF0010000A020010000100DD0080010000000000000000000000000000000000000000FF8F	[12,17,21,22]
11507662	14	4198C7CDABFFFF000E000A02000E000100DD0080010000000000000000000000000000000000000000865E	[8,13,15,19]
11750461	20	419804CDABFFFF0014000A020014000100DD00FF0100000000000000000000000000000000000000002470	[15,19]
12047905	7	4198D5CDABFFFF0007000A020007000100DD008000000000000000000000000000000000000000000043AF	[1,6,11,13]
12076832	1	41988BCDABFFFF0001000A020001000100DD0000000000000000000000000000000000000000000000F9DC	[2,6,7]
12591569	3	419800CDABFFFF0003000A020003000100DD00000100000000000000000000000000000000000000007A32	[2,7,8,9]
12841246	19	419850CDABFFFF0013000A020013000100DD0080010000000000000000000000000000000000000000822A	[14,20,23,24,25]
12888797	22	4198A3CDABFFFF0016000A020016000100DD00FF01000000000000000000000000000000000000000069D8	[16,17,18,21,23]
13083587	4	4198B4CDABFFFF0004000A020004000100DD00FF010000000000000000000000000000000000000000E519	[3,9,10]
13140723	21	4198B9CDABFFFF0015000A020015000100DD00FF010000000000000000000000000000000000000000D51E	[16,17,22]
13607228	18	41989BCDABFFFF0012000A020012000100DD00800100000000000000000000000000000000000000004943	[12,13,14,17,19,22,23]
13846612	2	41984BCDABFFFF0002000A020002000100DD00800000000000000000000000000000000000000000000F22	[1,3,7]
14015978	14	4198C8CDABFFFF000E000A02000E000100DD00800100000000000000000000000000000000000000004FE5	[9,13,15,18,19]
14279069	3	419801CDABFFFF0003000A020003000100DD00000100000000000000000000000000000000000000009478	[2,7,8,9]
14287048	6	419820CDABFFFF0006000A020006000100DD008000000000000000000000000000000000000000000052AC	[1,11,12]
14946272	10	4198F3CDABFFFF000A000A02000A000100DD00FF0100000000000000000000000000000000000000005DA1	[4,14,15]
15451584	16	419831CDABFFFF0010000A020010000100DD008001000000000000000000000000000000000000000011C5	[12,17,21,22]
15539410	11	4198EACDABFFFF000B000A02000B000100DD0000010000000000000000000000000000000000000000D7D9	[6,12,16,17]
15603253	9	41983FCDABFFFF0009000A020009000100DD0080010000000000000000000000000000000000000000BF4E	[4,5,8,14,15]
15929537	14	4198C9CDABFFFF000E000A02000E000100DD0080010000000000000000000000000000000000000000A1AF	[13,15,18]
16120741	17	4198E6CDABFFFF0011000A020011000100DD00800100000000000000000000000000000000000000008546	[11,12,18,21,22]
16513970	5	41986ACDABFFFF0005000A020005000100DD00FF010000000000000000000000000000000000000000CD97	[4,9]
16830318	9	419840CDABFFFF0009000A020009000100DD00800100000000000000000000000000000000000000003944	[3,4,5,8,10,14,15]
16981716	13	419812CDABFFFF000D000A02000D000100DD00000100000000000000000000000000000000000000009347	[7,8,12,14]
17191564	17	4198E7CDABFFFF0011000A020011000100DD00800100000000000000000000000000000000000000006B0C	[12]
18713140	11	6198EBCDAB0007000B0010DE000B00FF0A11781C002C00000000010000000000000000000000000000FE2D	[]
18723098	11	6198EBCDAB0007000B0010DE000B00FF0A11781C002C00000000010000000000000000000000000000FE2D	[7]
18723673	7	0200EB65EC	[11]
18735147	7	6198D6CDAB000B00070010DE000000000A00042C001C006000800000000000000000000000000000006942	[]
18744876	7	6198D6CDAB000B00070010DE000000000A00042C001C006000800000000000000000000000000000006942	[11]
18745448	11	0200D60306	[]
18754270	7	6198D6CDAB000B00070010DE000000000A00042C001C006000800000000000000000000000000000006942	[]
18764000	7	6198D6CDAB000B00070010DE000000000A00042C001C006000800000000000000000000000000000006942	[]
18773377	7	6198D6CDAB000B00070010DE000000000A00042C001C006000800000000000000000000000000000006942	[11]
18773952	11	0200D60306	[7]
18785505	8	41988ACDABFFFF0008000A020008000100DD0000010000000000000000000000000000000000000000AA7C	[7,9,12,14]
18833286	18	41989CCDABFFFF0012000A020012000100DD0080010000000000000000000000000000000000000000D2BF	[12,17]
18948195	12	41985DCDABFFFF000C000A02000C000100DD00000100000000000000000000000000000000000000009558	[6,7,8,11,16,18]
19906578	16	619832CDAB000B00100010DE001000FF0A11782C004000000080010000000000000000000000000000F47B	[11]
19907152	11	02003229A7	[16]
19918090	11	6198ECCDAB0010000B0010DE000000000A000440002C0060009000000000000000000000000000000025EB	[16]
19918663	16	0200ECDA98	[11]
20238195	24	4198D9CDABFFFF0018000A020018000100DD00FF01000000000000000000000000000000000000000039D5	[19]
20290033	20	419805CDABFFFF0014000A020014000100DD00FF010000000000000000000000000000000000000000CA3A	[15,19,25]
20402584	23	419824CDABFFFF0017000A020017000100DD00FF010000000000000000000000000000000000000000EBFF	[17,22,24]
20450620	19	419851CDABFFFF0013000A020013000100DD00800100000000000000000000000000000000000000006C60	[14,20,23]
20486570	25	41988ECDABFFFF0019000A020019000100DD00FF010000000000000000000000000000000000000000C903	[19,20]
20762575	8	41988BCDABFFFF0008000A020008000100DD00000100000000000000000000000000000000000000004436	[2,7,9,14]
20896349	15	41987CCDABFFFF000F000A02000F000100DD00FF0100000000000000000000000000000000000000005BE8	[9,10,19,20]
21148037	21	4198BACDABFFFF0015000A020015000100DD00FF010000000000000000000000000000000000000000E7C1	[16,17,22]
21805208	7	4198D7CDABFFFF0007000A020007000100DD00800000000000000000000000000000000000000000009F3A	[2,6,8,11,12,13]
22123168	4	4198B5CDABFFFF0004000A020004000100DD00FF0100000000000000000000000000000000000000000B53	[3,5,8,9,10]
22566617	9	619841CDAB000800090010DE000900FF0A117820002400000080010000000000000000000000000000769F	[]
22576071	9	619841CDAB000800090010DE000900FF0A117820002400000080010000000000000000000000000000769F	[8]
22576646	8	02004135E6	[9]
22587622	8	61988CCDAB000900080010DE000000000A00042400200060000001000000000000000000000000000068FB	[]
22597163	8	61988CCDAB000900080010DE000000000A00042400200060000001000000000000000000000000000068FB	[9]
22597738	9	02008CDCFB	[8]
22634515	9	419842CDABFFFF0009000A020009000100DD0010010000000000000000000000000000000000000000290F	[3,4,5,8,10,13,14,15]
22693210	15	41987DCDABFFFF000F000A02000F000100DD00900100000000000000000000000000000000000000009609	[9,10,19,20]
23407720	10	4198F4CDABFFFF000A000A02000A000100DD0090010000000000000000000000000000000000000000E5F6	[4,5,14,15]
23577120	6	419821CDABFFFF0006000A020006000100DD0080000000000000000000000000000000000000000000BCE6	[1,2,7,12]
23654720	16	419833CDABFFFF0010000A020010000100DD009800000000000000000000000000000000000000000066C0	[12,17]
23833606	22	4198A4CDABFFFF0016000A020016000100DD00FF010000000000000000000000000000000000000000F224	[17,18,23]
23903745	19	419852CDABFFFF0013000A020013000100DD00800100000000000000000000000000000000000000005EBF	[14,20,23,24,25]
23995742	17	4198E8CDABFFFF0011000A020011000100DD0018010000000000000000000000000000000000000000D30B	[11,12,16,18,21,22]
24115028	5	41986BCDABFFFF0005000A020005000100DD00900100000000000000000000000000000000000000000076	[4,9,10]
24234463	4	6198B6CDAB000900040010DE000400FF0A1178240010000000900100000000000000000000000000009BA1	[9]
24235037	9	0200B60565	[4]
24246028	9	619843CDAB000400090010DE000000000A0004100024006000100100000000000000000000000000002B19	[4]
24246602	4	02004327C5	[9]
24263477	18	41989DCDABFFFF0012000A020012000100DD00800100000000000000000000000000000000000000003CF5	[12,14,19,22,23,24]
24771634	1	41988CCDABFFFF0001000A020001000100DD00000000000000000000000000000000000000000000006220	[2,7]
24810312	3	419802CDABFFFF0003000A020003000100DD0000010000000000000000000000000000000000000000A6A7	[2,7,8,9]
25363631	8	41988DCDABFFFF0008000A020008000100DD00000100000000000000000000000000000000000000003180	[2,7,9,12]
25601151	21	4198BBCDABFFFF0015000A020015000100DD00980100000000000000000000000000000000000000009742	[16,17,22]
25844104	14	4198CACDABFFFF000E000A02000E000100DD00800100000000000000000000000000000000000000009370	[9,13,15,18,19]
25857551	4	4198B7CDABFFFF0004000A020004000100DD0018010000000000000000000000000000000000000000FF14	[3,5,10]
26099508	16	419834CDABFFFF0010000A020010000100DD0098000000000000000000000000000000000000000000FD3C	[11,12,17,22]
26661371	3	419803CDABFFFF0003000A020003000100DD000001000000000000000000000000000000000000000048ED	[2,7,8,9]
27224232	22	4198A5CDABFFFF0016000A020016000100DD001801000000000000000000000000000000000000000034BC	[17,23]
27655817	3	619804CDAB000700030010DE000300FF0A11781C000C000000000100000000000000000000000000007F9C	[]
27665240	3	619804CDAB000700030010DE000300FF0A11781C000C000000000100000000000000000000000000007F9C	[7]
27665813	7	0200049CF3	[]
27676598	7	6198D8CDAB000300070010DE000000000A00040C001C006000800000000000000000000000000000006358	[]
27686074	7	6198D8CDAB000300070010DE000000000A00040C001C006000800000000000000000000000000000006358	[3]
27686649	3	0200D87DEF	[7]
28029593	5	41986CCDABFFFF0005000A020005000100DD00900100000000000000000000000000000000000000009B8A	[4,9,10]
28052538	13	419813CDABFFFF000D000A02000D000100DD00000100000000000000000000000000000000000000007D0D	[7,8,12,14,18,19]
28090084	23	419825CDABFFFF0017000A020017000100DD00980100000000000000000000000000000000000000009B7C	[22,24]
28349562	19	419853CDABFFFF0013000A020013000100DD0080010000000000000000000000000000000000000000B0F5	[13,18,20,24,25]
28974209	4	4198B8CDABFFFF0004000A020004000100DD001801000000000000000000000000000000000000000036AF	[3,8,9,10]
29111652	14	6198CBCDAB000D000E0010DE000E00FF0A1178340038000000800100000000000000000000000000002DD0	[13]
29112227	13	0200CB67CD	[14]
29123125	13	619814CDAB000E000D0010DE000000000A000438003400600000010000000000000000000000000000ECE7	[14]
29123699	14	0200141DE3	[13]
29799247	12	41985ECDABFFFF000C000A02000C000100DD0000010000000000000000000000000000000000000000A787	[7,11,13,16,18]
30511178	2	41984CCDABFFFF0002000A020002000100DD008000000000000000000000000000000000000000000094DE	[1,3,6,7]
31015717	21	4198BCCDABFFFF0015000A020015000100DD00980100000000000000000000000000000000000000000CBE	[16,17,22]
31121950	8	41988ECDABFFFF0008000A020008000100DD0000010000000000000000000000000000000000000000035F	[2,7,9,12,14]
32377200	9	419844CDABFFFF0009000A020009000100DD00100100000000000000000000000000000000000000005CB9	[4,5,10,14]
33045276	15	41987ECDABFFFF000F000A02000F000100DD0090010000000000000000000000000000000000000000A4D6	[9,10,14,19,20]
33316558	17	4198E9CDABFFFF0011000A020011000100DD00180100000000000000000000000000000000000000003D41	[12,16,21]
34014326	8	61988FCDAB000700080010DE000800FF0A11781C0020000000000100000000000000000000000000009704	[7]
34014902	7	02008F47C9	[]
34023867	8	61988FCDAB000700080010DE000800FF0A11781C0020000000000100000000000000000000000000009704	[]
34026222	7	6198D9CDAB000800070010DE000000000A000420001C006000800000000000000000000000000000000039	[]
34035659	7	6198D9CDAB000800070010DE000000000A000420001C006000800000000000000000000000000000000039	[8]
34036234	8	0200D9F4FE	[7]
34258166	11	4198EDCDABFFFF000B000A02000B000100DD0090000000000000000000000000000000000000000000ECCC	[6,12,16,17]
34270786	18	41989ECDABFFFF0012000A020012000100DD00800100000000000000000000000000000000000000000E2A	[13,14,23]
34540022	10	4198F5CDABFFFF000A000A02000A000100DD00900100000000000000000000000000000000000000000BBC	[4,5,9,14,15]
34661903	5	41986DCDABFFFF0005000A020005000100DD009001000000000000000000000000000000000000000075C0	[4,9]
34882724	19	619854CDAB000D00130010DE001300FF0A117834004C00000080010000000000000000000000000000104E	[]
34892179	19	619854CDAB000D00130010DE001300FF0A117834004C00000080010000000000000000000000000000104E	[]
36017092	10	4198F6CDABFFFF000A000A02000A000100DD00900100000000000000000000000000000000000000003963	[4,5,9,14,15]
36326295	22	4198A6CDABFFFF0016000A020016000100DD00180100000000000000000000000000000000000000000663	[17,18,21,23]
36888316	19	419855CDABFFFF0013000A020013000100DD0080010000000000000000000000000000000000000000C543	[14,18,20,23,24,25]
37122855	18	41989FCDABFFFF0012000A020012000100DD0080010000000000000000000000000000000000000000E060	[12,13,14,17,19,22,23,24]
37148025	21	4198BDCDABFFFF0015000A020015000100DD0098010000000000000000000000000000000000000000E2F4	[16,17,22]
37178179	6	419822CDABFFFF0006000A020006000100DD00800000000000000000000000000000000000000000008E39	[1,7,11,12]
37230116	17	4198EACDABFFFF0011000A020011000100DD00180100000000000000000000000000000000000000000F9E	[12,16,18,21,22]
37348406	23	419826CDABFFFF0017000A020017000100DD0098010000000000000000000000000000000000000000A9A3	[24]
37365086	15	41987FCDABFFFF000F000A02000F000100DD00900100000000000000000000000000000000000000004A9C	[9,10,20]
38241340	19	619856CDAB000D00130010DE001300FF0A117834004C00000080010000000000000000000000000000CCDB	[]
38250750	19	619856CDAB000D00130010DE001300FF0A117834004C00000080010000000000000000000000000000CCDB	[13]
38251325	13	0200560B82	[19]
38262362	13	619815CDAB0013000D0010DE000000000A00044C00340060000001000000000000000000000000000095D1	[]
38271859	13	619815CDAB0013000D0010DE000000000A00044C00340060000001000000000000000000000000000095D1	[19]
38272431	19	02001594F2	[13]
38559972	2	61984DCDAB000100020010DE000200FF0A11780400080000008000000000000000000000000000000009B5	[1]
38560547	1	02004D592C	[2]
38571926	1	61988DCDAB000200010010DE000000000A00040800040000000000000000000000000000000000000078F0	[2]
38572501	2	02008D55EA	[1]
38716091	13	419816CDABFFFF000D000A02000D000100DD00000100000000000000000000000000000000000000003A64	[7,8,9,12,14,18]
38978250	9	419845CDABFFFF0009000A020009000100DD0010010000000000000000000000000000000000000000B2F3	[3,4,5,8,10,14,15]
39741785	13	619817CDAB0007000D0010DE000D00FF0A11781C00340000000001000000000000000000000000000078C7	[]
39751209	13	619817CDAB0007000D0010DE000D00FF0A11781C00340000000001000000000000000000000000000078C7	[7]
39751783	7	02001786D1	[13]
39762696	7	6198DACDAB000D00070010DE000000000A000434001C00600080000000000000000000000000000000C3AF	[]
39772224	7	6198DACDAB000D00070010DE000000000A000434001C00600080000000000000000000000000000000C3AF	[13]
39772797	13	0200DA6FCC	[]
39782019	7	6198DACDAB000D00070010DE000000000A000434001C00600080000000000000000000000000000000C3AF	[]
39791766	7	6198DACDAB000D00070010DE000000000A000434001C00600080000000000000000000000000000000C3AF	[13]
39792338	13	0200DA6FCC	[7]
40620069	12	41985FCDABFFFF000C000A02000C000100DD000001000000000000000000000000000000000000000049CD	[7,13,16,18]
41457380	8	419890CDABFFFF0008000A020008000100DD009000000000000000000000000000000000000000000020C9	[2,3,7,9,13]
42476425	14	4198CCCDABFFFF000E000A02000E000100DD0008010000000000000000000000000000000000000000EDBF	[8,10,13,15,18]
43721930	10	6198F7CDAB0009000A0010DE000A00FF0A11782400280000009001000000000000000000000000000056CB	[9]
43722505	9	0200F78836	[10]
43733433	9	619846CDAB000A00090010DE000000000A0004280024006000A0000000000000000000000000000000A694	[10]
43734008	10	0200468A92	[9]
44393569	7	6198DBCDAB000100070010DE000700FF0A117804001C00000080000000000000000000000000000000C187	[1]
44394144	1	0200DBE6DD	[7]
44405751	1	61988ECDAB000700010010DE000000000A00041C000400000000000000000000000000000000000000BB66	[]
44415589	1	61988ECDAB000700010010DE000000000A00041C000400000000000000000000000000000000000000BB66	[7]
44416163	7	02008ECED8	[]
44425090	1	61988ECDAB000700010010DE000000000A00041C000400000000000000000000000000000000000000BB66	[]
44434901	1	61988ECDAB000700010010DE000000000A00041C000400000000000000000000000000000000000000BB66	[7]
44435476	7	02008ECED8	[1]
44639074	16	419835CDABFFFF0010000A020010000100DD00980000000000000000000000000000000000000000001376	[12,17,22]
45439357	11	6198EECDAB0006000B0010DE000B00FF0B117818002C000000900000000000000000000000000000001A35	[6]
45439930	6	0200EEC8BB	[]
45449087	11	6198EECDAB0006000B0010DE000B00FF0B117818002C000000900000000000000000000000000000001A35	[]
45451347	6	619823CDAB000B00060010DE000000000B00042C00180060008000000000000000000000000000000076EE	[]
45461200	6	619823CDAB000B00060010DE000000000B00042C00180060008000000000000000000000000000000076EE	[11]
45461775	11	02002321A6	[6]
45546478	18	6198A0CDAB000D00120010DE001200FF0A1178340048000000800100000000000000000000000000008462	[13]
45547052	13	0200A0B210	[18]
45558009	13	619818CDAB0012000D0010DE000000000A000448003400600090000000000000000000000000000000588A	[18]
45558583	18	0200187129	[13]
45701301	4	4198B9CDABFFFF0004000A020004000100DD0018010000000000000000000000000000000000000000D8E5	[3,5,8,9,10]
48749749	3	619805CDAB000200030010DE000300FF0B117808000C00000090000000000000000000000000000000AC56	[2]
48750323	2	02000515E2	[3]
48761411	2	61984ECDAB000300020010DE000000000B00040C00080060000800000000000000000000000000000054F4	[3]
48761985	3	02004EC21E	[2]
48981871	19	419857CDABFFFF0013000A020013000100DD00200100000000000000000000000000000000000000004A4F	[20,23,24,25]
49407293	7	4198DCCDABFFFF0007000A020007000100DD0008000000000000000000000000000000000000000000F4DB	[6,8,11]
49906714	20	419806CDABFFFF0014000A020014000100DD00A00100000000000000000000000000000000000000004409	[14,15,19,25]
50130142	3	419806CDABFFFF0003000A020003000100DD00100000000000000000000000000000000000000000001976	[2,8,9]
50308012	24	4198DACDABFFFF0018000A020018000100DD00A0010000000000000000000000000000000000000000B7E6	[18,19,25]
50797160	15	619880CDAB000E000F0010DE000F00FF0A117838003C00000090010000000000000000000000000000C1E8	[]
50806616	15	619880CDAB000E000F0010DE000F00FF0A117838003C00000090010000000000000000000000000000C1E8	[14]
50807189	14	020080B031	[]
50818276	14	6198CDCDAB000F000E0010DE000000000A00043C003800600008010000000000000000000000000000919C	[]
50827839	14	6198CDCDAB000F000E0010DE000000000A00043C003800600008010000000000000000000000000000919C	[]
50837636	14	6198CDCDAB000F000E0010DE000000000A00043C003800600008010000000000000000000000000000919C	[]
50847056	14	6198CDCDAB000F000E0010DE000000000A00043C003800600008010000000000000000000000000000919C	[15]
50847631	15	0200CD51A8	[14]
50981192	12	619860CDAB0007000C0010DE000C00FF0A11781C003000000000010000000000000000000000000000BA61	[7]
50981767	7	020060BED6	[12]
50992613	7	6198DDCDAB000C00070010DE000000000A000430001C00600008000000000000000000000000000000E69F	[12]
50993188	12	0200DDD0B8	[7]
51552607	15	419881CDABFFFF000F000A02000F000100DD00180100000000000000000000000000000000000000004DF0	[10,20]
51678443	23	619827CDAB001300170010DE001700FF0A11784C005C000000980100000000000000000000000000007DD9	[19]
51679015	19	02002705E0	[23]
51690351	19	619858CDAB001700130010DE000000000A00045C004C006000200100000000000000000000000000006ED1	[23]
51690926	23	020058756B	[19]
51712628	9	419847CDABFFFF0009000A020009000100DD0090000000000000000000000000000000000000000000B44A	[4,5,8,10,14]
52396107	22	4198A7CDABFFFF0016000A020016000100DD0018010000000000000000000000000000000000000000E829	[17,18,21,23]
52408465	25	41988FCDABFFFF0019000A020019000100DD00A00100000000000000000000000000000000000000009BA5	[20,24]
53347574	24	4198DBCDABFFFF0018000A020018000100DD00A001000000000000000000000000000000000000000059AC	[19,20,25]
53388437	3	419807CDABFFFF0003000A020003000100DD0010000000000000000000000000000000000000000000F73C	[2,8,9]
53625095	21	4198BECDABFFFF0015000A020015000100DD0098010000000000000000000000000000000000000000D02B	[16,17,22]
53797106	5	61986ECDAB000900050010DE000500FF0A117824001400000010010000000000000000000000000000B8D8	[]
53806565	5	61986ECDAB000900050010DE000500FF0A117824001400000010010000000000000000000000000000B8D8	[9]
53807140	9	02006EC03F	[5]
53818175	9	619848CDAB000500090010DE000000000A0004140024006000900000000000000000000000000000001B55	[5]
53818750	5	020048F47B	[9]
53984381	22	6198A8CDAB001000160010DE001600FF0A1178400058000000180100000000000000000000000000007338	[16]
53984956	16	0200A8FA9C	[22]
53995950	16	619836CDAB001600100010DE000000000A000458004000600098000000000000000000000000000000A71E	[22]
53996524	22	0200360DE1	[16]
54035932	23	419828CDABFFFF0017000A020017000100DD0028010000000000000000000000000000000000000000A70E	[17,24]
55485289	6	619824CDAB000700060010DE000600FF0A11781C00180000008000000000000000000000000000000064BA	[]
55494737	6	619824CDAB000700060010DE000600FF0A11781C00180000008000000000000000000000000000000064BA	[7]
55495312	7	0200249ED2	[6]
55506239	7	6198DECDAB000600070010DE000000000A000418001C0060000800000000000000000000000000000036D3	[]
55515742	7	6198DECDAB000600070010DE000000000A000418001C0060000800000000000000000000000000000036D3	[6]
55516317	6	0200DE4B8A	[]
55525485	7	6198DECDAB000600070010DE000000000A000418001C0060000800000000000000000000000000000036D3	[]
55534877	7	6198DECDAB000600070010DE000000000A000418001C0060000800000000000000000000000000000036D3	[6]
55535452	6	0200DE4B8A	[7]
56162358	17	6198EBCDAB000D00110010DE001100FF0A1178340044000000180100000000000000000000000000002430	[13]
56162933	13	0200EB65EC	[17]
56174265	13	619819CDAB0011000D0010DE000000000A0004440034006000900000000000000000000000000000001600	[17]
56174837	17	020019F838	[13]
57071283	20	419807CDABFFFF0014000A020014000100DD00A0010000000000000000000000000000000000000000AA43	[14,15,19,24,25]
57966610	18	4198A1CDABFFFF0012000A020012000100DD0098000000000000000000000000000000000000000000919A	[13,14,17,19,22,23,24]
58416769	25	419890CDABFFFF0019000A020019000100DD00A0010000000000000000000000000000000000000000F690	[20,24]
58459446	6	419825CDABFFFF0006000A020006000100DD00180000000000000000000000000000000000000000006479	[1,2,7,11]
58595945	9	419849CDABFFFF0009000A020009000100DD009000000000000000000000000000000000000000000093BB	[3,8,10,13,14,15]
58893500	2	41984FCDABFFFF0002000A020002000100DD0008000000000000000000000000000000000000000000AD78	[1,3,7,8]
58925959	17	4198ECCDABFFFF0011000A020011000100DD0098000000000000000000000000000000000000000000A004	[11,12,18,21,22]
59092149	15	419882CDABFFFF000F000A02000F000100DD00180100000000000000000000000000000000000000007F2F	[9,10,14,19,20]
59111865	14	6198CECDAB0009000E0010DE000E00FF0B1178240038000000080100000000000000000000000000005E38	[9]
59112439	9	0200CECA9A	[14]
59123517	9	61984ACDAB000E00090010DE000000000B00043800240060009000000000000000000000000000000031EF	[14]
59124093	14	02004AE658	[9]
59547253	14	4198CFCDABFFFF000E000A02000E000100DD00980000000000000000000000000000000000000000007F89	[9,13,15,18,19]
60230707	23	419829CDABFFFF0017000A020017000100DD0018010000000000000000000000000000000000000000D603	[17,22,24]
60561215	1	41988FCDABFFFF0001000A020001000100DD000000000000000000000000000000000000000000000050FF	[2,6,7]
60751853	21	6198BFCDAB001100150010DE001500FF0A11784400540000001801000000000000000000000000000008C7	[]
60761270	21	6198BFCDAB001100150010DE001500FF0A11784400540000001801000000000000000000000000000008C7	[17]
60761845	17	0200BFC4F8	[]
60772816	17	6198EDCDAB001500110010DE000000000A0004540044006000980000000000000000000000000000001D92	[21]
60773388	21	0200ED5389	[17]
60914969	18	6198A2CDAB000D00120016DE001200000BF17834004800000098000000DEADBEEF000000000000000081D3	[13]
60915544	13	0200A2A033	[18]
60929101	13	61981BCDAB0007000D0016DE001200000BE2781C003400000090000000DEADBEEF00000000000000009039	[7]
60929675	7	02001BEA1B	[13]
60939519	13	61981ACDAB0012000D0010DE000000000B000448003400000090000000000000000000000000000000FF3C	[18]
60940094	18	02001A630A	[13]
60943439	7	6198E0CDAB000100070016DE001200000BD37804001C00000008000000DEADBEEF0000000000000000F884	[]
60953127	7	6198DFCDAB000D00070010DE000000000B000434001C000000080000000000000000000000000000002E91	[1,13]
60953702	13	0200DFC29B	[7]
60962981	7	6198E0CDAB000100070016DE001200000BD37804001C00000008000000DEADBEEF0000000000000000F884	[]
61396401	16	419837CDABFFFF0010000A020010000100DD0098000000000000000000000000000000000000000000CFE3	[12,17,22]
61589282	24	4198DCCDABFFFF0018000A020018000100DD0018010000000000000000000000000000000000000000566E	[18,19,20,23,25]
61633140	23	61982ACDAB001200170016DE001700000BF17848005C00000018010000DEADBEEF0000000000000000ADF6	[18]
61633714	18	02002AE03B	[23]
61647652	18	6198A4CDAB000D00120016DE001700000CE27834004800000098000000DEADBEEF000000000000000019E7	[13]
61648227	13	0200A49656	[18]
61658220	18	6198A3CDAB001700120010DE000000000B00045C004800000098000000000000000000000000000000247D	[7]
61661672	13	61981DCDAB0007000D0016DE001700000CD3781C003400000015000000DEADBEEF0000000000000000DC09	[7,23]
61662246	7	02001DDC7E	[13]
61668296	18	6198A3CDAB001700120010DE000000000B00045C004800000098000000000000000000000000000000247D	[]
61672214	13	61981CCDAB0012000D0010DE000000000C0004480034000000150000000000000000000000000000008C15	[18]
61673932	7	6198E1CDAB000D00070010DE000000000C000434001C0000000800000000000000000000000000000095E6	[18]
61678899	18	6198A3CDAB001700120010DE000000000B00045C004800000098000000000000000000000000000000247D	[13,23]
61679473	23	0200A32922	[18]
61682901	13	61981CCDAB0012000D0010DE000000000C0004480034000000150000000000000000000000000000008C15	[7]
61693083	7	6198E1CDAB000D00070010DE000000000C000434001C0000000800000000000000000000000000000095E6	[]
61693384	13	61981CCDAB0012000D0010DE000000000C0004480034000000150000000000000000000000000000008C15	[]
61703087	7	6198E1CDAB000D00070010DE000000000C000434001C0000000800000000000000000000000000000095E6	[]
61711623	13	61981CCDAB0012000D0010DE000000000C0004480034000000150000000000000000000000000000008C15	[]
61713010	7	6198E1CDAB000D00070010DE000000000C000434001C0000000800000000000000000000000000000095E6	[]
61721932	13	61981CCDAB0012000D0010DE000000000C0004480034000000150000000000000000000000000000008C15	[]
61730009	7	6198E1CDAB000D00070010DE000000000C000434001C0000000800000000000000000000000000000095E6	[]
61927809	12	619861CDAB0007000C0016DE000C00000BF1781C003000000010000000DEADBEEF0000000000000000495F	[7]
61928384	7	02006137C7	[12]
61940353	7	6198E2CDAB000C00070010DE000000000B000430001C00000008000000000000000000000000000000A99C	[12]
61940928	12	0200E2A471	[7]
62869347	6	619826CDAB000700060016DE000600000BF1781C001800000018000000DEADBEEF00000000000000005E67	[7]
62869921	7	0200268CF1	[6]
62875475	20	419808CDABFFFF0014000A020014000100DD00A001000000000000000000000000000000000000000063F8	[14,15,19]
62881707	7	6198E3CDAB000600070010DE000000000B000418001C00000008000000000000000000000000000000A545	[6]
62882282	6	0200E32D60	[7]
63287024	24	6198DDCDAB001200180010DE001800FF0A1178480060000000180100000000000000000000000000002592	[]
63296501	24	6198DDCDAB001200180010DE001800FF0A1178480060000000180100000000000000000000000000002592	[18]
63297073	18	0200DDD0B8	[24]
63308061	18	6198A5CDAB001800120010DE000000000A0004600048006000980000000000000000000000000000003932	[]
63317634	18	6198A5CDAB001800120010DE000000000A0004600048006000980000000000000000000000000000003932	[24]
63318209	24	0200A51F47	[18]
63376739	4	6198BACDAB000900040016DE000400000BF17824001000000098000000DEADBEEF00000000000000003140	[]
63386227	4	6198BACDAB000900040016DE000400000BF17824001000000098000000DEADBEEF00000000000000003140	[]
63501898	16	619838CDAB000B00100016DE001000000BF1782C004000000098000000DEADBEEF0000000000000000A38D	[11]
63502473	11	0200387308	[16]
63516051	11	6198F0CDAB0007000B0016DE001000000CE2781C002C00000018000000DEADBEEF0000000000000000D2E8	[7]
63516626	7	0200F03742	[]
63525923	11	6198EFCDAB0010000B0010DE000000000B000440002C00000018000000000000000000000000000000BD63	[16]
63526498	16	0200EF41AA	[11]
63528629	7	6198E4CDAB000B00070010DE000000000C00042C001C000000080000000000000000000000000000008306	[]
63535933	11	6198F0CDAB0007000B0016DE001000000CE2781C002C00000018000000DEADBEEF0000000000000000D2E8	[]
63539175	7	6198E4CDAB000B00070010DE000000000C00042C001C000000080000000000000000000000000000008306	[]
63549449	7	6198E4CDAB000B00070010DE000000000C00042C001C000000080000000000000000000000000000008306	[]
63559585	7	6198E4CDAB000B00070010DE000000000C00042C001C000000080000000000000000000000000000008306	[11]
63560160	11	0200E49214	[]
63569269	7	6198E4CDAB000B00070010DE000000000C00042C001C000000080000000000000000000000000000008306	[]
64103798	7	6198E5CDAB000100070016DE001200000BD37804001C00000008000000DEADBEEF0000000000000000BFED	[1]
64104373	1	0200E51B05	[7]
64117417	1	619890CDAB000700010010DE000000000B00041C000400000000000000000000000000000000000000431D	[]
64126848	1	619890CDAB000700010010DE000000000B00041C000400000000000000000000000000000000000000431D	[]
64136533	1	619890CDAB000700010010DE000000000B00041C000400000000000000000000000000000000000000431D	[]
64145894	1	619890CDAB000700010010DE000000000B00041C000400000000000000000000000000000000000000431D	[7]
64146468	7	0200903121	[1]
64155281	6	419827CDABFFFF0006000A020006000100DD00150000000000000000000000000000000000000000000E92	[1,11,12]
64159667	7	6198E6CDAB000100070016DE001700000CC47804001C0000000E000000DEADBEEF000000000000000032E9	[]
64169908	7	6198E6CDAB000100070016DE001700000CC47804001C0000000E000000DEADBEEF000000000000000032E9	[]
64425706	24	4198DECDABFFFF0018000A020018000100DD00A8000000000000000000000000000000000000000000CF90	[19,20,23,25]
65193985	18	6198A6CDAB000D00120016DE001700000CE27834004800000098000000DEADBEEF0000000000000000C572	[13]
65194558	13	0200A68475	[]
65203630	18	6198A6CDAB000D00120016DE001700000CE27834004800000098000000DEADBEEF0000000000000000C572	[]
65205557	6	619828CDAB000700060016DE000600010CF1781C001800000015000100DEADBEEF000000000000000014CE	[7]
65206130	13	61981ECDAB0012000D0010DE000000000C0004480034000000150000000000000000000000000000005080	[]
65206131	7	020028F218	[6]
65215737	13	61981ECDAB0012000D0010DE000000000C0004480034000000150000000000000000000000000000005080	[18]
65216312	18	02001E474C	[]
65217847	7	6198E7CDAB000600070010DE000000000C000418001C0000000E0000000000000000000000000000003E47	[6]
65218422	6	0200E70926	[7]
65225694	13	61981ECDAB0012000D0010DE000000000C0004480034000000150000000000000000000000000000005080	[]
65235503	13	61981ECDAB0012000D0010DE000000000C0004480034000000150000000000000000000000000000005080	[18]
65236078	18	02001E474C	[13]
65326731	13	61981FCDAB0007000D0016DE001700000CD3781C003400000015000000DEADBEEF0000000000000000009C	[]
65336256	13	61981FCDAB0007000D0016DE001700000CD3781C003400000015000000DEADBEEF0000000000000000009C	[7]
65336832	7	02001FCE5D	[13]
65348118	7	6198E8CDAB000D00070010DE000000000C000434001C0000000E0000000000000000000000000000007AD7	[13]
65348693	13	0200E8FEDE	[7]
65614028	23	41982BCDABFFFF0017000A020017000100DD00A0000000000000000000000000000000000000000000F29F	[17,18,19,22,24]
65620386	21	6198C0CDAB001100150016DE001500000BF178440054000000A8000000DEADBEEF000000000000000087D6	[]
65629947	21	6198C0CDAB001100150016DE001500000BF178440054000000A8000000DEADBEEF000000000000000087D6	[]
65728066	16	619839CDAB000B00100016DE001000010CF1782C004000000020000100DEADBEEF0000000000000000CEF7	[11]
65728641	11	020039FA19	[16]
65742213	11	6198F2CDAB0007000B0016DE001000010DE2781C002C00000018000100DEADBEEF0000000000000000CFCA	[]
65751792	11	6198F1CDAB0010000B0010DE000000000C000440002C000000180000000000000000000000000000005F01	[7,16]
65752367	16	0200F1BE53	[11]
65762214	11	6198F2CDAB0007000B0016DE001000010DE2781C002C00000018000100DEADBEEF0000000000000000CFCA	[]
65960468	24	6198DFCDAB001200180016DE001800000BF178480060000000A8000000DEADBEEF0000000000000000F01C	[18]
65961042	18	0200DFC29B	[24]
65974544	18	6198A8CDAB000D00120016DE001800000DE27834004800000023000000DEADBEEF00000000000000000EB9	[13]
65975118	13	0200A8FA9C	[18]
65985092	18	6198A7CDAB001800120010DE000000000B000460004800000023000000000000000000000000000000E780	[24]
65985667	24	0200A70D64	[]
65988581	13	619821CDAB0007000D0016DE001800000DD3781C00340000001F000000DEADBEEF0000000000000000BA8C	[]
65995079	18	6198A7CDAB001800120010DE000000000B000460004800000023000000000000000000000000000000E780	[7]
65998123	13	619820CDAB0012000D0010DE000000000D00044800340000001F00000000000000000000000000000004AA	[7]
66005207	18	6198A7CDAB001800120010DE000000000B000460004800000023000000000000000000000000000000E780	[24]
66005782	24	0200A70D64	[18]
66008029	13	619821CDAB0007000D0016DE001800000DD3781C00340000001F000000DEADBEEF0000000000000000BA8C	[7]
66008604	7	0200213385	[]
66017669	13	619820CDAB0012000D0010DE000000000D00044800340000001F00000000000000000000000000000004AA	[]
66020535	7	6198E9CDAB000D00070010DE000000000D000434001C0000000E000000000000000000000000000000EF99	[]
66028294	13	619820CDAB0012000D0010DE000000000D00044800340000001F00000000000000000000000000000004AA	[]
66030175	7	6198E9CDAB000D00070010DE000000000D000434001C0000000E000000000000000000000000000000EF99	[18]
66038691	13	619820CDAB0012000D0010DE000000000D00044800340000001F00000000000000000000000000000004AA	[18]
66039264	18	020020BA94	[]
66040127	7	6198E9CDAB000D00070010DE000000000D000434001C0000000E000000000000000000000000000000EF99	[]
66049013	13	619820CDAB0012000D0010DE000000000D00044800340000001F00000000000000000000000000000004AA	[]
66050522	7	6198E9CDAB000D00070010DE000000000D000434001C0000000E000000000000000000000000000000EF99	[]
66060731	7	6198E9CDAB000D00070010DE000000000D000434001C0000000E000000000000000000000000000000EF99	[13]
66061306	13	0200E977CF	[7]
66102527	20	419809CDABFFFF0014000A020014000100DD002801000000000000000000000000000000000000000086CB	[14,15,19,24]
66490320	25	619891CDAB001800190016DE001900000AF17860006400000028010000DEADBEEF0000000000000000D5D7	[24]
66490892	24	020091B830	[25]
66504540	24	6198E1CDAB001200180016DE001900000CE27848006000000030000000DEADBEEF0000000000000000D501	[]
66514063	24	6198E0CDAB001900180010DE000000000A00046400600000003000000000000000000000000000000032BB	[18]
66523978	24	6198E1CDAB001200180016DE001900000CE27848006000000030000000DEADBEEF0000000000000000D501	[25]
66533498	24	6198E0CDAB001900180010DE000000000A00046400600000003000000000000000000000000000000032BB	[25]
66534073	25	0200E0B652	[24]
66540588	5	61986FCDAB000900050016DE000500000BF178240014000000A0000000DEADBEEF00000000000000005F89	[9]
66541161	9	02006F492E	[]
66550221	5	61986FCDAB000900050016DE000500000BF178240014000000A0000000DEADBEEF00000000000000005F89	[]
66555069	9	61984CCDAB000300090016DE000500000BE2780C002400000090000000DEADBEEF0000000000000000F7FF	[]
66564846	9	61984BCDAB000500090010DE000000000B00041400240000009000000000000000000000000000000052A9	[]
66574273	9	61984CCDAB000300090016DE000500000BE2780C002400000090000000DEADBEEF0000000000000000F7FF	[3]
66574847	3	02004CD03D	[5,9]
66585176	9	61984BCDAB000500090010DE000000000B00041400240000009000000000000000000000000000000052A9	[5]
66585751	5	02004B6F49	[3,9]
66595797	3	619808CDAB000900030010DE000000000B000424000C000000100000000000000000000000000000003508	[2,9]
66596372	9	020008F039	[3]
66605983	3	619809CDAB000200030016DE000500000CD37808000C00000010000000DEADBEEF000000000000000032A0	[]
66616055	3	619809CDAB000200030016DE000500000CD37808000C00000010000000DEADBEEF000000000000000032A0	[2]
66616630	2	0200097928	[3]
66630031	2	619851CDAB000100020016DE000500000BC47804000800000008000000DEADBEEF00000000000000002B5E	[1]
66630607	1	020051B4F6	[2]
66640721	2	619850CDAB000300020010DE000000000C00040C000800000008000000000000000000000000000000B6B1	[3]
66641296	3	0200503DE7	[2,9]
66643683	1	619891CDAB000200010010DE000000000B0004080004000000000000000000000000000000000000005C1E	[]
66647552	4	6198BBCDAB000900040016DE000400000BF17824001000000098000000DEADBEEF0000000000000000DF0A	[2]
66653049	1	619891CDAB000200010010DE000000000B0004080004000000000000000000000000000000000000005C1E	[2]
66653624	2	020091B830	[1]
66657190	4	6198BBCDAB000900040016DE000400000BF17824001000000098000000DEADBEEF0000000000000000DF0A	[]
66859454	11	4198F3CDABFFFF000B000A02000B000100DD001800000000000000000000000000000000000000000064CA	[6,12,16,17]
66890040	17	6198EECDAB000D00110016DE001100000BF17834004400000098000000DEADBEEF0000000000000000E3A8	[]
66899653	17	6198EECDAB000D00110016DE001100000BF17834004400000098000000DEADBEEF0000000000000000E3A8	[13]
66900227	13	0200EEC8BB	[17]
66913995	13	619823CDAB0007000D0016DE001100000EE2781C00340000001E000000DEADBEEF000000000000000019E2	[]
66923370	13	619822CDAB0011000D0010DE000000000B00044400340000001E0000000000000000000000000000007268	[7]
66933349	13	619823CDAB0007000D0016DE001100000EE2781C00340000001E000000DEADBEEF000000000000000019E2	[]
66942722	13	619822CDAB0011000D0010DE000000000B00044400340000001E0000000000000000000000000000007268	[17]
66943297	17	020022A8B7	[13]
67059201	20	61980ACDAB001800140016DE001400000AF17860005000000028010000DEADBEEF0000000000000000CFAB	[24]
67059775	24	02000AE21A	[]
67068740	20	61980ACDAB001800140016DE001400000AF17860005000000028010000DEADBEEF0000000000000000CFAB	[]
67071757	24	6198E2CDAB001400180010DE000000000A000450006000000030000000000000000000000000000000328C	[]
67080361	25	419892CDABFFFF0019000A020019000100DD0038000000000000000000000000000000000000000000378E	[19]
67091467	24	6198E2CDAB001400180010DE000000000A000450006000000030000000000000000000000000000000328C	[20]
67092042	20	0200E2A471	[24]
67197593	7	6198EACDAB000100070016DE001700000CC47804001C0000000E000000DEADBEEF0000000000000000C98D	[]
67203492	15	619883CDAB0009000F0010DE000F00FF0B117824003C000000A8000000000000000000000000000000D1F0	[]
67207387	7	6198EACDAB000100070016DE001700000CC47804001C0000000E000000DEADBEEF0000000000000000C98D	[1]
67207961	1	0200EAECFD	[7]
67212965	15	619883CDAB0009000F0010DE000F00FF0B117824003C000000A8000000000000000000000000000000D1F0	[]
67221220	1	619892CDAB000700010010DE000000000C00041C000400000000000000000000000000000000000000FE95	[7]
67221795	7	0200922302	[]
67231088	1	619892CDAB000700010010DE000000000C00041C000400000000000000000000000000000000000000FE95	[]
67234926	7	6198EBCDAB000100070016DE000C00000DE27804001C00000014000000DEADBEEF00000000000000001A5E	[1]
67235501	1	0200EB65EC	[7]
67253908	1	619893CDAB000700010010DE000000000D00041C0004000000000000000000000000000000000000006BDB	[]
67263759	1	619893CDAB000700010010DE000000000D00041C0004000000000000000000000000000000000000006BDB	[7]
67264333	7	020093AA13	[1]
67273482	1	619892CDAB000700010010DE000000000C00041C000400000000000000000000000000000000000000FE95	[]
67277410	7	6198ECCDAB000100070016DE000600000EE27804001C0000000F000000DEADBEEF0000000000000000DA11	[]
67284123	1	619892CDAB000700010010DE000000000C00041C000400000000000000000000000000000000000000FE95	[7]
67284698	7	0200922302	[1]
67297662	7	6198ECCDAB000100070016DE000600000EE27804001C0000000F000000DEADBEEF0000000000000000DA11	[]
67527019	17	4198EFCDABFFFF0011000A020011000100DD0029000000000000000000000000000000000000000000E62E	[11,12,13,16,18,21,22]
67815107	6	619829CDAB000700060016DE000600020DF1781C001800000019000200DEADBEEF0000000000000000F824	[]
67824594	6	619829CDAB000700060016DE000600020DF1781C001800000019000200DEADBEEF0000000000000000F824	[7]
67825167	7	0200297B09	[6]
67837276	7	6198EDCDAB000600070010DE000000000D000418001C0000000F000000000000000000000000000000DB1F	[6]
67837851	6	0200ED5389	[7]
68438741	11	6198F4CDAB0007000B0016DE001000010DE2781C002C00000018000100DEADBEEF0000000000000000BA7C	[7]
68439316	7	0200F41304	[11]
68451235	7	6198EECDAB000B00070010DE000000000D00042C001C0000000F0000000000000000000000000000003562	[11]
68451810	11	0200EEC8BB	[]
68461364	7	6198EECDAB000B00070010DE000000000D00042C001C0000000F0000000000000000000000000000003562	[]
68464742	11	6198F5CDAB0007000B0016DE000B00000EF1781C002C00000022000000DEADBEEF00000000000000004FCD	[]
68472734	7	6198EECDAB000B00070010DE000000000D00042C001C0000000F0000000000000000000000000000003562	[]
68475490	11	6198F5CDAB0007000B0016DE000B00000EF1781C002C00000022000000DEADBEEF00000000000000004FCD	[]
68483391	7	6198EECDAB000B00070010DE000000000D00042C001C0000000F0000000000000000000000000000003562	[11]
68483966	11	0200EEC8BB	[7]
68489525	3	41980ACDABFFFF0003000A020003000100DD001300000000000000000000000000000000000000000014E1	[2,8,9]
68500621	2	619852CDAB000100020016DE000200000CF17804000800000008000000DEADBEEF00000000000000006B74	[1,4]
68501196	1	0200522FC4	[2]
68514229	1	619894CDAB000200010010DE000000000C0004080004000000000000000000000000000000000000007A6A	[2]
68514804	2	0200941567	[1]
68665441	22	6198A9CDAB001000160016DE001600000BF178400058000000A0000000DEADBEEF00000000000000005039	[]
68675048	22	6198A9CDAB001000160016DE001600000BF178400058000000A0000000DEADBEEF00000000000000005039	[16]
68675622	16	0200A9738D	[22]
68689288	16	61983BCDAB000B00100016DE001600000DE2782C004000000020000000DEADBEEF00000000000000006C10	[11]
68689861	11	02003BE83A	[16]
68699674	16	61983ACDAB001600100010DE000000000B0004580040000000200000000000000000000000000000007FC7	[22]
68700249	22	02003A612B	[]
68710442	16	61983ACDAB001600100010DE000000000B0004580040000000200000000000000000000000000000007FC7	[]
68720838	16	61983ACDAB001600100010DE000000000B0004580040000000200000000000000000000000000000007FC7	[]
68725989	11	6198F6CDAB0010000B0010DE000000000D000440002C001000220000000000000000000000000000004CA1	[]
68731527	16	61983ACDAB001600100010DE000000000B0004580040000000200000000000000000000000000000007FC7	[22]
68732101	22	02003A612B	[16]
68735483	11	6198F6CDAB0010000B0010DE000000000D000440002C001000220000000000000000000000000000004CA1	[]
68745059	11	6198F6CDAB0010000B0010DE000000000D000440002C001000220000000000000000000000000000004CA1	[16]
68745633	16	0200F60127	[11]
68832182	14	6198D0CDAB0009000E0016DE000E00000CF17824003800000098000000DEADBEEF0000000000000000CF0E	[9]
68832755	9	0200D03563	[14]
68846473	9	61984ECDAB000300090016DE000E00000CE2780C002400000023000000DEADBEEF00000000000000005239	[3]
68847048	3	02004EC21E	[9]
68856937	9	61984DCDAB000E00090010DE000000000C000438002400000023000000000000000000000000000000767D	[14]
68857509	14	02004D592C	[9]
68860615	3	61980CCDAB000200030016DE000E00000DD37808000C00000013000000DEADBEEF00000000000000008A4D	[2]
68861191	2	02000CD47F	[3]
68871040	3	61980BCDAB000900030010DE000000000C000424000C000000130000000000000000000000000000004750	[]
68874802	2	619854CDAB000100020016DE000E00000DC47804000800000008000000DEADBEEF0000000000000000D334	[1]
68875377	1	02005419A1	[2]
68881101	3	61980BCDAB000900030010DE000000000C000424000C000000130000000000000000000000000000004750	[9]
68881676	9	02000B6B0B	[3]
68885401	2	619853CDAB000300020010DE000000000D00040C000800000008000000000000000000000000000000FF6A	[]
68888485	1	619895CDAB000200010010DE000000000D000408000400000000000000000000000000000000000000EF24	[]
68896196	2	619853CDAB000300020010DE000000000D00040C000800000008000000000000000000000000000000FF6A	[]
68897640	4	6198BCCDAB000900040016DE000400000BF17824001000000098000000DEADBEEF000000000000000044F6	[9]
68898213	9	0200BC5FCA	[4]
68898274	1	619895CDAB000200010010DE000000000D000408000400000000000000000000000000000000000000EF24	[]
68906688	2	619853CDAB000300020010DE000000000D00040C000800000008000000000000000000000000000000FF6A	[1]
68912013	9	619850CDAB000300090016DE000400000DE2780C002400000020000000DEADBEEF0000000000000000300C	[3]
68912588	3	0200503DE7	[9]
68916903	1	619895CDAB000200010010DE000000000D000408000400000000000000000000000000000000000000EF24	[]
68922618	9	61984FCDAB000400090010DE000000000B00041000240000002000000000000000000000000000000008FC	[4]
68923191	4	02004F4B0F	[9]
68924186	3	61980DCDAB000900030010DE000000000D000424000C0000001300000000000000000000000000000049E2	[2]
68926294	1	619895CDAB000200010010DE000000000D000408000400000000000000000000000000000000000000EF24	[]
68934241	2	619853CDAB000300020010DE000000000D00040C000800000008000000000000000000000000000000FF6A	[]
68934386	3	61980DCDAB000900030010DE000000000D000424000C0000001300000000000000000000000000000049E2	[4,9]
68934961	9	02000D5D6E	[]
68935960	16	41983CCDABFFFF0010000A020010000100DD002A0000000000000000000000000000000000000000002D7D	[21,22]
68944200	2	619853CDAB000300020010DE000000000D00040C000800000008000000000000000000000000000000FF6A	[1]
68944366	4	6198BDCDAB000900040016DE000400010CF17824001000000034000100DEADBEEF0000000000000000C305	[]
68945172	3	61980DCDAB000900030010DE000000000D000424000C0000001300000000000000000000000000000049E2	[]
68954043	4	6198BDCDAB000900040016DE000400010CF17824001000000034000100DEADBEEF0000000000000000C305	[3,9]
68954618	9	0200BDD6DB	[4]
68963961	3	61980DCDAB000900030010DE000000000D000424000C0000001300000000000000000000000000000049E2	[]
68966242	1	619895CDAB000200010010DE000000000D000408000400000000000000000000000000000000000000EF24	[2]
68966817	2	0200959C76	[1]
68968496	9	619852CDAB000300090016DE000400010EE2780C00240000001E000100DEADBEEF0000000000000000C5A0	[]
68973954	3	61980DCDAB000900030010DE000000000D000424000C0000001300000000000000000000000000000049E2	[]
68974564	19	419859CDABFFFF0013000A020013000100DD00B80000000000000000000000000000000000000000007035	[13,14,15,18,20,23,24,25]
68978297	9	619851CDAB000400090010DE000000000C00041000240000001E000000000000000000000000000000F418	[4,13]
68978871	4	020051B4F6	[9,13]
68988539	9	619852CDAB000300090016DE000400010EE2780C00240000001E000100DEADBEEF0000000000000000C5A0	[3]
68989114	3	0200522FC4	[4]
68998796	4	6198BECDAB000900040016DE000400020DF17824001000000030000200DEADBEEF0000000000000000372A	[9]
68999371	9	0200BE4DE9	[4]
69000969	3	61980ECDAB000900030010DE000000000E000424000C00000013000000000000000000000000000000F631	[]
69010484	3	61980ECDAB000900030010DE000000000E000424000C00000013000000000000000000000000000000F631	[4]
69018892	9	619853CDAB000400090010DE000000000D00041000240000001E0000000000000000000000000000005389	[3,4]
69019467	4	020053A6D5	[9]
69029959	3	61980ECDAB000900030010DE000000000E000424000C00000013000000000000000000000000000000F631	[9]
69030534	9	02000EC65C	[3]
69043101	9	619854CDAB000300090016DE000400020FE2780C00240000001F000200DEADBEEF00000000000000000440	[3]
69043675	3	02005419A1	[]
69053164	9	619854CDAB000300090016DE000400020FE2780C00240000001F000200DEADBEEF00000000000000000440	[]
69055762	3	61980FCDAB000900030010DE000000000F000424000C00000013000000000000000000000000000000637F	[]
69065479	3	61980FCDAB000900030010DE000000000F000424000C00000013000000000000000000000000000000637F	[9]
69066051	9	02000F4F4D	[]
69075806	3	61980FCDAB000900030010DE000000000F000424000C00000013000000000000000000000000000000637F	[]
69085926	3	61980FCDAB000900030010DE000000000F000424000C00000013000000000000000000000000000000637F	[]
69095577	3	61980FCDAB000900030010DE000000000F000424000C00000013000000000000000000000000000000637F	[]
69196289	20	41980BCDABFFFF0014000A020014000100DD0040000000000000000000000000000000000000000000B584	[14,15,19,24,25]
69306375	9	419855CDABFFFF0009000A020009000100DD0020000000000000000000000000000000000000000000E50D	[3,4,5,10,13,14,15]
69345623	21	6198C1CDAB001100150016DE001500000BF17844005400000039000000DEADBEEF0000000000000000E497	[]
69355193	21	6198C1CDAB001100150016DE001500000BF17844005400000039000000DEADBEEF0000000000000000E497	[17]
69355768	17	0200C13D62	[]
69369279	17	6198F1CDAB000D00110016DE001500000CE27834004400000029000000DEADBEEF0000000000000000F191	[13]
69369852	13	0200F1BE53	[17]
