[11:51:36 - main] [Cooja.java:3172] [WARN] - JAVA_HOME environment variable not set, Cooja motes may not compile
[11:51:36 - main] [Cooja.java:1315] [INFO] - > Starting Cooja
[11:51:36 - main] [Cooja.java:2856] [INFO] - External tools default settings: /external_tools_linux_64.config
[11:51:36 - main] [Cooja.java:2886] [INFO] - External tools user settings: /home/rajeev/.cooja.user.properties
[11:51:36 - main] [Cooja.java:3624] [WARN] - Loaded simulation may depend on not found  extension: '/home/rajeev/git/wur_sim/contiki_wur/tools/cooja/apps/native_gateway'
[11:51:36 - main] [Cooja.java:3624] [WARN] - Loaded simulation may depend on not found  extension: '/home/user/contikiprojects/sics.se/mobility'
[11:51:36 - main] [Cooja.java:3624] [WARN] - Loaded simulation may depend on not found  extension: '/home/user/nes/papers/smartip-paper/code/cooja_qr'
[11:51:36 - main] [Simulation.java:426] [INFO] - Simulation random seed: 123456
[11:51:36 - main] [CompileContiki.java:140] [INFO] - > make unicast-receiver.sky TARGET=sky 
[11:51:36 - main] [CompileContiki.java:140] [INFO] - > make unicast-sender.sky TARGET=sky 
[11:51:36 - main] [MspMote.java:235] [INFO] - Loading firmware from: /home/rajeev/git/wur_sim/contiki_wur/examples/ipv6/simple-udp-rpl/unicast-receiver.sky
[11:51:37 - main] [MspMote.java:235] [INFO] - Loading firmware from: /home/rajeev/git/wur_sim/contiki_wur/examples/ipv6/simple-udp-rpl/unicast-sender.sky
[11:51:37 - main] [MspMote.java:235] [INFO] - Loading firmware from: /home/rajeev/git/wur_sim/contiki_wur/examples/ipv6/simple-udp-rpl/unicast-sender.sky
[11:51:37 - main] [MspMote.java:235] [INFO] - Loading firmware from: /home/rajeev/git/wur_sim/contiki_wur/examples/ipv6/simple-udp-rpl/unicast-sender.sky
[11:51:37 - main] [MspMote.java:235] [INFO] - Loading firmware from: /home/rajeev/git/wur_sim/contiki_wur/examples/ipv6/simple-udp-rpl/unicast-sender.sky
[11:51:37 - main] [MspMote.java:235] [INFO] - Loading firmware from: /home/rajeev/git/wur_sim/contiki_wur/examples/ipv6/simple-udp-rpl/unicast-sender.sky
[11:51:37 - main] [MspMote.java:235] [INFO] - Loading firmware from: /home/rajeev/git/wur_sim/contiki_wur/examples/ipv6/simple-udp-rpl/unicast-sender.sky
[11:51:37 - main] [MspMote.java:235] [INFO] - Loading firmware from: /home/rajeev/git/wur_sim/contiki_wur/examples/ipv6/simple-udp-rpl/unicast-sender.sky
[11:51:37 - main] [MspMote.java:235] [INFO] - Loading firmware from: /home/rajeev/git/wur_sim/contiki_wur/examples/ipv6/simple-udp-rpl/unicast-sender.sky
[11:51:37 - main] [MspMote.java:235] [INFO] - Loading firmware from: /home/rajeev/git/wur_sim/contiki_wur/examples/ipv6/simple-udp-rpl/unicast-sender.sky
[11:51:37 - main] [MspMote.java:235] [INFO] - Loading firmware from: /home/rajeev/git/wur_sim/contiki_wur/examples/ipv6/simple-udp-rpl/unicast-sender.sky
[11:51:37 - main] [Visualizer.java:256] [INFO] - Registered external visualizer: org.contikios.cooja.plugins.skins.DGRMVisualizerSkin
[11:51:37 - main] [TimeLine.java:568] [INFO] - Zoom level: 500.0 microseconds/pixel 
[11:52:09 - Thread-0] [Simulation.java:255] [INFO] - Simulation main loop started, system time: 1473069129282
[11:52:11 - AWT-EventQueue-0] [TimeLine.java:568] [INFO] - Zoom level: 1000.0 microseconds/pixel 
[11:52:11 - AWT-EventQueue-0] [TimeLine.java:568] [INFO] - Zoom level: 2000.0 microseconds/pixel 
[11:52:11 - AWT-EventQueue-0] [TimeLine.java:568] [INFO] - Zoom level: 5000.0 microseconds/pixel 
[11:52:11 - AWT-EventQueue-0] [TimeLine.java:568] [INFO] - Zoom level: 10000.0 microseconds/pixel 
[11:52:11 - AWT-EventQueue-0] [TimeLine.java:568] [INFO] - Zoom level: 20000.0 microseconds/pixel 
[11:52:11 - AWT-EventQueue-0] [TimeLine.java:568] [INFO] - Zoom level: 50000.0 microseconds/pixel 
[11:52:11 - AWT-EventQueue-0] [TimeLine.java:568] [INFO] - Zoom level: 100000.0 microseconds/pixel  (MAX)
[11:52:11 - AWT-EventQueue-0] [TimeLine.java:568] [INFO] - Zoom level: 100000.0 microseconds/pixel  (MAX)
[11:52:11 - AWT-EventQueue-0] [TimeLine.java:568] [INFO] - Zoom level: 100000.0 microseconds/pixel  (MAX)
[11:52:11 - AWT-EventQueue-0] [TimeLine.java:568] [INFO] - Zoom level: 100000.0 microseconds/pixel  (MAX)
[11:52:11 - AWT-EventQueue-0] [TimeLine.java:568] [INFO] - Zoom level: 100000.0 microseconds/pixel  (MAX)
[11:52:11 - AWT-EventQueue-0] [TimeLine.java:568] [INFO] - Zoom level: 100000.0 microseconds/pixel  (MAX)
[11:52:11 - AWT-EventQueue-0] [TimeLine.java:568] [INFO] - Zoom level: 100000.0 microseconds/pixel  (MAX)
[11:52:11 - AWT-EventQueue-0] [TimeLine.java:568] [INFO] - Zoom level: 100000.0 microseconds/pixel  (MAX)
[11:52:11 - AWT-EventQueue-0] [TimeLine.java:568] [INFO] - Zoom level: 100000.0 microseconds/pixel  (MAX)
[11:52:11 - AWT-EventQueue-0] [TimeLine.java:568] [INFO] - Zoom level: 100000.0 microseconds/pixel  (MAX)
[11:52:43 - Thread-0] [Simulation.java:314] [INFO] - Simulation main loop stopped, system time: 1473069163703	Duration: 34421 ms	Simulated time 284191 ms	Ratio 8.256326080009297
[11:52:44 - AWT-EventQueue-0] [TimeLine.java:568] [INFO] - Zoom level: 50000.0 microseconds/pixel 
[11:52:44 - AWT-EventQueue-0] [TimeLine.java:568] [INFO] - Zoom level: 20000.0 microseconds/pixel 
[11:52:45 - AWT-EventQueue-0] [TimeLine.java:568] [INFO] - Zoom level: 10000.0 microseconds/pixel 
[11:52:55 - AWT-EventQueue-0] [TimeLine.java:568] [INFO] - Zoom level: 5000.0 microseconds/pixel 
[11:52:55 - AWT-EventQueue-0] [TimeLine.java:568] [INFO] - Zoom level: 2000.0 microseconds/pixel 
[11:52:55 - AWT-EventQueue-0] [TimeLine.java:568] [INFO] - Zoom level: 1000.0 microseconds/pixel 
[11:52:56 - AWT-EventQueue-0] [TimeLine.java:568] [INFO] - Zoom level: 500.0 microseconds/pixel 
[11:52:56 - AWT-EventQueue-0] [TimeLine.java:568] [INFO] - Zoom level: 200.0 microseconds/pixel 
[11:52:57 - AWT-EventQueue-0] [TimeLine.java:568] [INFO] - Zoom level: 100.0 microseconds/pixel 
[11:52:57 - AWT-EventQueue-0] [TimeLine.java:568] [INFO] - Zoom level: 50.0 microseconds/pixel 
[11:52:59 - AWT-EventQueue-0] [TimeLine.java:568] [INFO] - Zoom level: 100.0 microseconds/pixel 
[11:56:08 - Thread-1] [Simulation.java:426] [INFO] - Simulation random seed: 123456
[11:56:08 - Thread-1] [CompileContiki.java:140] [INFO] - > make unicast-receiver.sky TARGET=sky 
[11:56:08 - Thread-1] [CompileContiki.java:140] [INFO] - > make unicast-sender.sky TARGET=sky 
[11:56:08 - Thread-1] [MspMote.java:235] [INFO] - Loading firmware from: /home/rajeev/git/wur_sim/contiki_wur/examples/ipv6/simple-udp-rpl/unicast-receiver.sky
[11:56:09 - Thread-1] [MspMote.java:235] [INFO] - Loading firmware from: /home/rajeev/git/wur_sim/contiki_wur/examples/ipv6/simple-udp-rpl/unicast-sender.sky
[11:56:09 - Thread-1] [MspMote.java:235] [INFO] - Loading firmware from: /home/rajeev/git/wur_sim/contiki_wur/examples/ipv6/simple-udp-rpl/unicast-sender.sky
[11:56:09 - Thread-1] [MspMote.java:235] [INFO] - Loading firmware from: /home/rajeev/git/wur_sim/contiki_wur/examples/ipv6/simple-udp-rpl/unicast-sender.sky
[11:56:09 - Thread-1] [MspMote.java:235] [INFO] - Loading firmware from: /home/rajeev/git/wur_sim/contiki_wur/examples/ipv6/simple-udp-rpl/unicast-sender.sky
[11:56:09 - Thread-1] [MspMote.java:235] [INFO] - Loading firmware from: /home/rajeev/git/wur_sim/contiki_wur/examples/ipv6/simple-udp-rpl/unicast-sender.sky
[11:56:09 - Thread-1] [MspMote.java:235] [INFO] - Loading firmware from: /home/rajeev/git/wur_sim/contiki_wur/examples/ipv6/simple-udp-rpl/unicast-sender.sky
[11:56:09 - Thread-1] [MspMote.java:235] [INFO] - Loading firmware from: /home/rajeev/git/wur_sim/contiki_wur/examples/ipv6/simple-udp-rpl/unicast-sender.sky
[11:56:09 - Thread-1] [MspMote.java:235] [INFO] - Loading firmware from: /home/rajeev/git/wur_sim/contiki_wur/examples/ipv6/simple-udp-rpl/unicast-sender.sky
[11:56:09 - Thread-1] [MspMote.java:235] [INFO] - Loading firmware from: /home/rajeev/git/wur_sim/contiki_wur/examples/ipv6/simple-udp-rpl/unicast-sender.sky
[11:56:09 - Thread-1] [MspMote.java:235] [INFO] - Loading firmware from: /home/rajeev/git/wur_sim/contiki_wur/examples/ipv6/simple-udp-rpl/unicast-sender.sky
[11:56:09 - Thread-1] [TimeLine.java:568] [INFO] - Zoom level: 100.0 microseconds/pixel 
[11:56:11 - Thread-2] [Simulation.java:255] [INFO] - Simulation main loop started, system time: 1473069371334
[11:56:15 - AWT-EventQueue-0] [TimeLine.java:568] [INFO] - Zoom level: 200.0 microseconds/pixel 
[11:56:15 - AWT-EventQueue-0] [TimeLine.java:568] [INFO] - Zoom level: 500.0 microseconds/pixel 
[11:56:15 - AWT-EventQueue-0] [TimeLine.java:568] [INFO] - Zoom level: 1000.0 microseconds/pixel 
[11:56:15 - AWT-EventQueue-0] [TimeLine.java:568] [INFO] - Zoom level: 2000.0 microseconds/pixel 
[11:56:15 - AWT-EventQueue-0] [TimeLine.java:568] [INFO] - Zoom level: 5000.0 microseconds/pixel 
[11:56:15 - AWT-EventQueue-0] [TimeLine.java:568] [INFO] - Zoom level: 10000.0 microseconds/pixel 
[11:56:15 - AWT-EventQueue-0] [TimeLine.java:568] [INFO] - Zoom level: 20000.0 microseconds/pixel 
[11:56:15 - AWT-EventQueue-0] [TimeLine.java:568] [INFO] - Zoom level: 50000.0 microseconds/pixel 
[11:56:15 - AWT-EventQueue-0] [TimeLine.java:568] [INFO] - Zoom level: 100000.0 microseconds/pixel  (MAX)
[11:56:16 - AWT-EventQueue-0] [TimeLine.java:568] [INFO] - Zoom level: 100000.0 microseconds/pixel  (MAX)
[11:56:16 - AWT-EventQueue-0] [TimeLine.java:568] [INFO] - Zoom level: 100000.0 microseconds/pixel  (MAX)
[11:56:16 - AWT-EventQueue-0] [TimeLine.java:568] [INFO] - Zoom level: 100000.0 microseconds/pixel  (MAX)
[11:56:16 - AWT-EventQueue-0] [TimeLine.java:568] [INFO] - Zoom level: 100000.0 microseconds/pixel  (MAX)
[11:56:16 - AWT-EventQueue-0] [TimeLine.java:568] [INFO] - Zoom level: 100000.0 microseconds/pixel  (MAX)
[11:56:16 - AWT-EventQueue-0] [TimeLine.java:568] [INFO] - Zoom level: 100000.0 microseconds/pixel  (MAX)
[11:56:16 - AWT-EventQueue-0] [TimeLine.java:568] [INFO] - Zoom level: 100000.0 microseconds/pixel  (MAX)
[11:56:16 - AWT-EventQueue-0] [TimeLine.java:568] [INFO] - Zoom level: 100000.0 microseconds/pixel  (MAX)
[11:56:16 - AWT-EventQueue-0] [TimeLine.java:568] [INFO] - Zoom level: 100000.0 microseconds/pixel  (MAX)
[11:56:16 - AWT-EventQueue-0] [TimeLine.java:568] [INFO] - Zoom level: 100000.0 microseconds/pixel  (MAX)
[11:56:25 - Thread-2] [Simulation.java:314] [INFO] - Simulation main loop stopped, system time: 1473069385013	Duration: 13679 ms	Simulated time 225875 ms	Ratio 16.51253746618905
[11:56:38 - AWT-EventQueue-0] [TimeLine.java:568] [INFO] - Zoom level: 50000.0 microseconds/pixel 
[11:56:38 - AWT-EventQueue-0] [TimeLine.java:568] [INFO] - Zoom level: 20000.0 microseconds/pixel 
[11:56:38 - AWT-EventQueue-0] [TimeLine.java:568] [INFO] - Zoom level: 10000.0 microseconds/pixel 
[11:56:39 - AWT-EventQueue-0] [TimeLine.java:568] [INFO] - Zoom level: 5000.0 microseconds/pixel 
[11:56:39 - AWT-EventQueue-0] [TimeLine.java:568] [INFO] - Zoom level: 2000.0 microseconds/pixel 
[11:56:39 - AWT-EventQueue-0] [TimeLine.java:568] [INFO] - Zoom level: 1000.0 microseconds/pixel 
[11:56:39 - AWT-EventQueue-0] [TimeLine.java:568] [INFO] - Zoom level: 500.0 microseconds/pixel 
[11:56:40 - AWT-EventQueue-0] [TimeLine.java:568] [INFO] - Zoom level: 200.0 microseconds/pixel 
[11:56:40 - AWT-EventQueue-0] [TimeLine.java:568] [INFO] - Zoom level: 100.0 microseconds/pixel 
[11:56:40 - AWT-EventQueue-0] [TimeLine.java:568] [INFO] - Zoom level: 50.0 microseconds/pixel 
[11:56:46 - AWT-EventQueue-0] [TimeLine.java:568] [INFO] - Zoom level: 100.0 microseconds/pixel 
[11:56:46 - AWT-EventQueue-0] [TimeLine.java:568] [INFO] - Zoom level: 200.0 microseconds/pixel 
[11:56:47 - AWT-EventQueue-0] [TimeLine.java:568] [INFO] - Zoom level: 500.0 microseconds/pixel 
[11:56:47 - AWT-EventQueue-0] [TimeLine.java:568] [INFO] - Zoom level: 200.0 microseconds/pixel 
[11:56:48 - AWT-EventQueue-0] [TimeLine.java:568] [INFO] - Zoom level: 100.0 microseconds/pixel 
[11:57:02 - AWT-EventQueue-0] [TimeLine.java:568] [INFO] - Zoom level: 200.0 microseconds/pixel 
[11:58:45 - AWT-EventQueue-0] [TimeLine.java:568] [INFO] - Zoom level: 500.0 microseconds/pixel 
[11:58:45 - AWT-EventQueue-0] [TimeLine.java:568] [INFO] - Zoom level: 1000.0 microseconds/pixel 
[11:58:45 - AWT-EventQueue-0] [TimeLine.java:568] [INFO] - Zoom level: 2000.0 microseconds/pixel 
[11:58:45 - AWT-EventQueue-0] [TimeLine.java:568] [INFO] - Zoom level: 5000.0 microseconds/pixel 
[11:58:45 - AWT-EventQueue-0] [TimeLine.java:568] [INFO] - Zoom level: 10000.0 microseconds/pixel 
[11:58:46 - AWT-EventQueue-0] [TimeLine.java:568] [INFO] - Zoom level: 20000.0 microseconds/pixel 
[11:58:46 - AWT-EventQueue-0] [TimeLine.java:568] [INFO] - Zoom level: 50000.0 microseconds/pixel 
[11:58:47 - AWT-EventQueue-0] [TimeLine.java:568] [INFO] - Zoom level: 100000.0 microseconds/pixel  (MAX)
[11:58:47 - AWT-EventQueue-0] [TimeLine.java:568] [INFO] - Zoom level: 100000.0 microseconds/pixel  (MAX)
[11:58:47 - AWT-EventQueue-0] [TimeLine.java:568] [INFO] - Zoom level: 100000.0 microseconds/pixel  (MAX)
[11:58:51 - Thread-3] [Simulation.java:255] [INFO] - Simulation main loop started, system time: 1473069531204
[11:58:54 - Thread-3] [Simulation.java:314] [INFO] - Simulation main loop stopped, system time: 1473069534064	Duration: 2860 ms	Simulated time 283425 ms	Ratio 99.09965034965035
[11:58:54 - AWT-EventQueue-0] [TimeLine.java:568] [INFO] - Zoom level: 50000.0 microseconds/pixel 
[11:58:54 - AWT-EventQueue-0] [TimeLine.java:568] [INFO] - Zoom level: 20000.0 microseconds/pixel 
[11:58:54 - AWT-EventQueue-0] [TimeLine.java:568] [INFO] - Zoom level: 10000.0 microseconds/pixel 
[11:58:55 - AWT-EventQueue-0] [TimeLine.java:568] [INFO] - Zoom level: 5000.0 microseconds/pixel 
[11:58:55 - AWT-EventQueue-0] [TimeLine.java:568] [INFO] - Zoom level: 2000.0 microseconds/pixel 
[11:58:55 - AWT-EventQueue-0] [TimeLine.java:568] [INFO] - Zoom level: 1000.0 microseconds/pixel 
[11:58:56 - AWT-EventQueue-0] [TimeLine.java:568] [INFO] - Zoom level: 500.0 microseconds/pixel 
[11:58:56 - AWT-EventQueue-0] [TimeLine.java:568] [INFO] - Zoom level: 200.0 microseconds/pixel 
[11:58:56 - AWT-EventQueue-0] [TimeLine.java:568] [INFO] - Zoom level: 100.0 microseconds/pixel 
[11:58:57 - AWT-EventQueue-0] [TimeLine.java:568] [INFO] - Zoom level: 50.0 microseconds/pixel 
[12:04:08 - AWT-EventQueue-0] [TimeLine.java:568] [INFO] - Zoom level: 100.0 microseconds/pixel 
[12:04:08 - AWT-EventQueue-0] [TimeLine.java:568] [INFO] - Zoom level: 200.0 microseconds/pixel 
[12:04:09 - AWT-EventQueue-0] [TimeLine.java:568] [INFO] - Zoom level: 500.0 microseconds/pixel 
[12:04:09 - AWT-EventQueue-0] [TimeLine.java:568] [INFO] - Zoom level: 1000.0 microseconds/pixel 
[12:04:09 - AWT-EventQueue-0] [TimeLine.java:568] [INFO] - Zoom level: 2000.0 microseconds/pixel 
[12:04:10 - AWT-EventQueue-0] [TimeLine.java:568] [INFO] - Zoom level: 5000.0 microseconds/pixel 
[12:04:10 - AWT-EventQueue-0] [TimeLine.java:568] [INFO] - Zoom level: 10000.0 microseconds/pixel 
[12:04:12 - AWT-EventQueue-0] [TimeLine.java:568] [INFO] - Zoom level: 5000.0 microseconds/pixel 
[12:04:12 - AWT-EventQueue-0] [TimeLine.java:568] [INFO] - Zoom level: 2000.0 microseconds/pixel 
[12:04:26 - AWT-EventQueue-0] [TimeLine.java:568] [INFO] - Zoom level: 5000.0 microseconds/pixel 
[12:04:26 - AWT-EventQueue-0] [TimeLine.java:568] [INFO] - Zoom level: 10000.0 microseconds/pixel 
[12:04:26 - AWT-EventQueue-0] [TimeLine.java:568] [INFO] - Zoom level: 20000.0 microseconds/pixel 
[12:04:26 - AWT-EventQueue-0] [TimeLine.java:568] [INFO] - Zoom level: 50000.0 microseconds/pixel 
[12:04:26 - AWT-EventQueue-0] [TimeLine.java:568] [INFO] - Zoom level: 100000.0 microseconds/pixel  (MAX)
[12:04:26 - AWT-EventQueue-0] [TimeLine.java:568] [INFO] - Zoom level: 100000.0 microseconds/pixel  (MAX)
[12:04:26 - AWT-EventQueue-0] [TimeLine.java:568] [INFO] - Zoom level: 100000.0 microseconds/pixel  (MAX)
[12:04:26 - AWT-EventQueue-0] [TimeLine.java:568] [INFO] - Zoom level: 100000.0 microseconds/pixel  (MAX)
[12:04:26 - AWT-EventQueue-0] [TimeLine.java:568] [INFO] - Zoom level: 100000.0 microseconds/pixel  (MAX)
[12:04:26 - AWT-EventQueue-0] [TimeLine.java:568] [INFO] - Zoom level: 100000.0 microseconds/pixel  (MAX)
[12:04:26 - AWT-EventQueue-0] [TimeLine.java:568] [INFO] - Zoom level: 100000.0 microseconds/pixel  (MAX)
[12:04:26 - AWT-EventQueue-0] [TimeLine.java:568] [INFO] - Zoom level: 100000.0 microseconds/pixel  (MAX)
[12:04:26 - AWT-EventQueue-0] [TimeLine.java:568] [INFO] - Zoom level: 100000.0 microseconds/pixel  (MAX)
[12:04:26 - AWT-EventQueue-0] [TimeLine.java:568] [INFO] - Zoom level: 100000.0 microseconds/pixel  (MAX)
[12:04:26 - AWT-EventQueue-0] [TimeLine.java:568] [INFO] - Zoom level: 100000.0 microseconds/pixel  (MAX)
[12:04:26 - AWT-EventQueue-0] [TimeLine.java:568] [INFO] - Zoom level: 100000.0 microseconds/pixel  (MAX)
[12:04:28 - Thread-4] [Simulation.java:255] [INFO] - Simulation main loop started, system time: 1473069868002
[12:04:31 - Thread-4] [Simulation.java:314] [INFO] - Simulation main loop stopped, system time: 1473069871604	Duration: 3602 ms	Simulated time 366192 ms	Ratio 101.6635202665186
[12:04:33 - AWT-EventQueue-0] [TimeLine.java:568] [INFO] - Zoom level: 50000.0 microseconds/pixel 
[12:04:33 - AWT-EventQueue-0] [TimeLine.java:568] [INFO] - Zoom level: 20000.0 microseconds/pixel 
[12:04:34 - AWT-EventQueue-0] [TimeLine.java:568] [INFO] - Zoom level: 10000.0 microseconds/pixel 
[12:04:35 - AWT-EventQueue-0] [TimeLine.java:568] [INFO] - Zoom level: 5000.0 microseconds/pixel 
[12:04:35 - AWT-EventQueue-0] [TimeLine.java:568] [INFO] - Zoom level: 2000.0 microseconds/pixel 
[12:04:35 - AWT-EventQueue-0] [TimeLine.java:568] [INFO] - Zoom level: 1000.0 microseconds/pixel 
[12:04:35 - AWT-EventQueue-0] [TimeLine.java:568] [INFO] - Zoom level: 500.0 microseconds/pixel 
[12:04:36 - AWT-EventQueue-0] [TimeLine.java:568] [INFO] - Zoom level: 200.0 microseconds/pixel 
[12:04:36 - AWT-EventQueue-0] [TimeLine.java:568] [INFO] - Zoom level: 100.0 microseconds/pixel 
[12:04:36 - AWT-EventQueue-0] [TimeLine.java:568] [INFO] - Zoom level: 50.0 microseconds/pixel 
[12:04:43 - AWT-EventQueue-0] [TimeLine.java:568] [INFO] - Zoom level: 100.0 microseconds/pixel 
[12:04:44 - AWT-EventQueue-0] [TimeLine.java:568] [INFO] - Zoom level: 200.0 microseconds/pixel 
